<?xml version="1.0" encoding="UTF-8"?>
<testsuite xmlns:xsi="http://www.w3.org/2001/XMLSchema-instance" xsi:noNamespaceSchemaLocation="https://maven.apache.org/surefire/maven-surefire-plugin/xsd/surefire-test-report-3.0.xsd" version="3.0" name="com.projeto.ChatServiceTest" time="1.915" tests="4" errors="0" skipped="0" failures="0">
  <properties>
[...]
</properties>
  <testcase name="deveResponderMensagemVazia" classname="com.projeto.ChatServiceTest" time="0.18">
    <system-out><![CDATA[🔍 Testando resposta para mensagem vazia...
➡ Entrada: ''
✔ Resposta: 'Não entendi sua mensagem.'
✅ Teste passou!

]]></system-out>
  </testcase>
  <testcase name="deveResponderMensagemNormalSemSaudacao" classname="com.projeto.ChatServiceTest" time="0.005">
    <system-out><![CDATA[🔍 Testando resposta para texto comum...
➡ Entrada: 'isso é um teste'
✔ Resposta: 'Mensagem recebida!'
✅ Teste passou!

]]></system-out>
  </testcase>
  <testcase name="deveValidarMensagemCorreta" classname="com.projeto.ChatServiceTest" time="0.011">
    <system-out><![CDATA[🔍 Testando validação de mensagem...
✔ Resultado: validação funcionando
✅ Teste passou!

]]></system-out>
  </testcase>
  <testcase name="deveResponderSaudacao" classname="com.projeto.ChatServiceTest" time="0.059">
    <system-out><![CDATA[🔍 Testando resposta de saudação...
➡ Entrada: 'Olá'
✔ Resposta: 'Olá! Como posso ajudar?'
✅ Teste passou!

]]></system-out>
  </testcase>
</testsuite>